  j      yle       xle       xte       dx
  1     0.000     0.000     4.000     1.000
  2     1.000     0.000     4.000     1.000
  3     2.000     0.000     4.000     1.000
  4     3.000     0.000     4.000     1.000
  5     4.000     0.000     4.000     1.000
  6     5.000     0.000     4.000     1.000
  7     6.000     0.000     4.000     1.000
  8     7.000     0.000     4.000     1.000
  9     8.000     0.000     4.000     1.000
 10     9.000     0.000     4.000     1.000
 11    10.000     0.000     4.000     1.000
 12    11.000     0.000     4.000     1.000
 13    12.000     0.000     4.000     1.000
 14    13.000     0.000     4.000     1.000

  i    j        ds(i,j,1)      ds(i,j,2)      ds(i,j,3)     ds(i,j,4)
  1    1         0.0872         0.0000         0.9962         1.0000
  2    1         0.0872         0.0000         0.9962         1.0000
  3    1         0.0872         0.0000         0.9962         1.0000
  4    1         0.0872         0.0000         0.9962         1.0000

  1    2         0.0872         0.0000         0.9962         1.0000
  2    2         0.0872         0.0000         0.9962         1.0000
  3    2         0.0872         0.0000         0.9962         1.0000
  4    2         0.0872         0.0000         0.9962         1.0000

  1    3         0.0872         0.0000         0.9962         1.0000
  2    3         0.0872         0.0000         0.9962         1.0000
  3    3         0.0872         0.0000         0.9962         1.0000
  4    3         0.0872         0.0000         0.9962         1.0000

  1    4         0.0872         0.0000         0.9962         1.0000
  2    4         0.0872         0.0000         0.9962         1.0000
  3    4         0.0872         0.0000         0.9962         1.0000
  4    4         0.0872         0.0000         0.9962         1.0000

  1    5         0.0872         0.0000         0.9962         1.0000
  2    5         0.0872         0.0000         0.9962         1.0000
  3    5         0.0872         0.0000         0.9962         1.0000
  4    5         0.0872         0.0000         0.9962         1.0000

  1    6         0.0872         0.0000         0.9962         1.0000
  2    6         0.0872         0.0000         0.9962         1.0000
  3    6         0.0872         0.0000         0.9962         1.0000
  4    6         0.0872         0.0000         0.9962         1.0000

  1    7         0.0872         0.0000         0.9962         1.0000
  2    7         0.0872         0.0000         0.9962         1.0000
  3    7         0.0872         0.0000         0.9962         1.0000
  4    7         0.0872         0.0000         0.9962         1.0000

  1    8         0.0872         0.0000         0.9962         1.0000
  2    8         0.0872         0.0000         0.9962         1.0000
  3    8         0.0872         0.0000         0.9962         1.0000
  4    8         0.0872         0.0000         0.9962         1.0000

  1    9         0.0872         0.0000         0.9962         1.0000
  2    9         0.0872         0.0000         0.9962         1.0000
  3    9         0.0872         0.0000         0.9962         1.0000
  4    9         0.0872         0.0000         0.9962         1.0000

  1   10         0.0872         0.0000         0.9962         1.0000
  2   10         0.0872         0.0000         0.9962         1.0000
  3   10         0.0872         0.0000         0.9962         1.0000
  4   10         0.0872         0.0000         0.9962         1.0000

  1   11         0.0872         0.0000         0.9962         1.0000
  2   11         0.0872         0.0000         0.9962         1.0000
  3   11         0.0872         0.0000         0.9962         1.0000
  4   11         0.0872         0.0000         0.9962         1.0000

  1   12         0.0872         0.0000         0.9962         1.0000
  2   12         0.0872         0.0000         0.9962         1.0000
  3   12         0.0872         0.0000         0.9962         1.0000
  4   12         0.0872         0.0000         0.9962         1.0000

  1   13         0.0872         0.0000         0.9962         1.0000
  2   13         0.0872         0.0000         0.9962         1.0000
  3   13         0.0872         0.0000         0.9962         1.0000
  4   13         0.0872         0.0000         0.9962         1.0000

